Loading tiles from Sentinel-2-Shapefile-Index/sentinel_2_index_shapefile.shp
56984 tiles
Loading file input/results-all.txt
Max chunk size 10000
Iteration 0
Skip 1
Parsing WKT...
10000 fields
14378 rows in join
14376 tile-field pairs
240 unique tile geometry
Iteration 1
Skip 10001
Parsing WKT...
10000 fields
13832 rows in join
28048 tile-field pairs
361 unique tile geometry
Iteration 2
Skip 20001
Parsing WKT...
10000 fields
14978 rows in join
43021 tile-field pairs
419 unique tile geometry
Iteration 3
Skip 30001
Parsing WKT...
10000 fields
17046 rows in join
60067 tile-field pairs
445 unique tile geometry
Iteration 4
Skip 40001
Parsing WKT...
10000 fields
14727 rows in join
74731 tile-field pairs
490 unique tile geometry
Iteration 5
Skip 50001
Parsing WKT...
10000 fields
15506 rows in join
90224 tile-field pairs
541 unique tile geometry
Iteration 6
Skip 60001
Parsing WKT...
10000 fields
13905 rows in join
104126 tile-field pairs
603 unique tile geometry
Iteration 7
Skip 70001
Parsing WKT...
10000 fields
12540 rows in join
116666 tile-field pairs
637 unique tile geometry
Iteration 8
Skip 80001
Parsing WKT...
10000 fields
14174 rows in join
130840 tile-field pairs
680 unique tile geometry
Iteration 9
Skip 90001
Parsing WKT...
10000 fields
13838 rows in join
144670 tile-field pairs
726 unique tile geometry
Iteration 10
Skip 100001
Parsing WKT...
10000 fields
12508 rows in join
157169 tile-field pairs
775 unique tile geometry
Iteration 11
Skip 110001
Parsing WKT...
10000 fields
13043 rows in join
170212 tile-field pairs
808 unique tile geometry
Iteration 12
Skip 120001
Parsing WKT...
10000 fields
12487 rows in join
182698 tile-field pairs
860 unique tile geometry
Iteration 13
Skip 130001
Parsing WKT...
10000 fields
13678 rows in join
196376 tile-field pairs
911 unique tile geometry
Iteration 14
Skip 140001
Parsing WKT...
10000 fields
13659 rows in join
210018 tile-field pairs
934 unique tile geometry
Iteration 15
Skip 150001
Parsing WKT...
10000 fields
12769 rows in join
222787 tile-field pairs
989 unique tile geometry
Iteration 16
Skip 160001
Parsing WKT...
10000 fields
13503 rows in join
236290 tile-field pairs
1050 unique tile geometry
Iteration 17
Skip 170001
Parsing WKT...
10000 fields
16884 rows in join
253156 tile-field pairs
1080 unique tile geometry
Iteration 18
Skip 180001
Parsing WKT...
10000 fields
22170 rows in join
275326 tile-field pairs
1090 unique tile geometry
Iteration 19
Skip 190001
Parsing WKT...
10000 fields
14476 rows in join
289612 tile-field pairs
1133 unique tile geometry
Iteration 20
Skip 200001
Parsing WKT...
9012 fields
11902 rows in join
301475 tile-field pairs
1184 unique tile geometry
Iteration 21
Skip 209013
Parsing WKT...
0 fields
Done

